160
4 190 423 333 93
4 28 420 369 197
4 441 286 97 196
4 252 35 300 165
4 326 482 12 47
4 33 256 21 322
4 299 279 421 330
4 306 454 315 14
4 1 154 86 492
4 7 334 212 358
4 352 189 414 17
4 484 266 64 462
4 337 170 72 120
4 443 410 495 11
4 213 156 141 319
4 301 73 182 158
4 261 451 463 371
4 48 329 310 475
4 486 113 452 350
4 166 264 155 108
4 448 376 234 434
4 210 298 0 221
4 111 52 38 405
4 445 320 271 231
4 277 311 499 498
4 199 19 324 258
4 385 208 473 187
4 15 396 367 61
4 5 20 439 430
4 273 34 240 60
4 387 455 249 236
4 219 356 360 181
4 419 175 292 433
4 409 147 288 193
4 65 139 235 225
4 10 192 149 71
4 397 24 13 394
4 6 162 89 497
4 447 268 90 472
4 278 3 177 23
4 117 400 384 427
4 18 180 8 348
4 412 353 214 105
4 364 474 449 328
4 242 276 459 399
4 31 392 362 437
4 163 55 121 391
4 283 375 188 431
4 429 91 203 438
4 388 294 99 422
4 444 302 159 424
4 403 201 230 467
4 351 123 218 263
4 442 407 336 345
4 195 390 341 116
4 174 251 280 153
4 50 128 54 284
4 432 164 32 274
4 44 124 200 95
4 361 40 41 101
3 395 56 339
3 138 59 46
3 36 22 107
3 148 453 136
3 186 160 359
3 347 237 461
3 92 468 80
3 76 378 69
3 494 425 259
3 372 81 25
3 325 245 109
3 233 207 16
3 332 78 446
3 304 490 244
3 29 66 45
3 363 373 307
3 285 100 217
3 151 112 129
3 411 450 119
3 282 204 295
3 377 144 460
3 70 289 365
3 104 247 152
3 26 269 198
3 226 27 106
3 79 401 267
3 115 254 114
3 132 379 172
3 185 331 191
3 239 253 457
3 169 87 84
3 110 456 205
3 291 335 309
3 321 227 297
3 232 83 178
3 140 2 118
3 224 102 250
3 179 480 415
3 471 342 305
3 477 343 491
3 42 428 383
3 209 63 260
3 265 354 481
3 122 74 380
3 476 88 355
3 168 313 145
3 338 135 57
3 296 222 94
3 58 246 349
3 125 30 440
3 228 4 402
3 479 404 408
3 157 436 470
3 493 134 126
3 487 43 206
3 308 262 142
3 98 488 103
3 131 183 316
3 340 478 243
3 130 483 270
2 133 9
2 127 257
2 485 465
2 255 51
2 374 386
2 49 82
2 368 464
2 389 312
2 238 216
2 143 418
2 62 435
2 413 303
2 382 272
2 323 67
2 150 194
2 202 68
2 293 85
2 458 357
2 77 171
2 146 469
2 318 416
2 275 220
2 248 241
2 393 281
2 223 346
2 398 344
2 173 366
2 53 211
2 229 215
2 161 96
2 39 496
2 489 290
2 466 287
2 327 314
2 426 184
2 381 176
2 406 75
2 317 37
2 370 417
2 167 137
