1628
4 5357 5121 8148 6404
4 421 2589 5913 5583
4 6255 9906 8785 3629
4 6584 7710 1737 3987
4 7529 5231 4386 2094
4 9487 5796 6735 8197
4 1756 8754 2584 998
4 2395 6655 6312 2861
4 59 7923 7569 7704
4 5515 9612 6632 7444
4 8873 7262 8452 7796
4 2489 5905 398 8407
4 820 1729 604 6459
4 9004 1248 7549 7064
4 4848 5886 8603 8733
4 8189 8437 9354 9529
4 9213 6839 4449 1524
4 4318 5744 4574 9483
4 4100 6823 4233 3904
4 7108 3626 8479 5416
4 9620 1287 6476 2545
4 9383 4004 3697 1396
4 9131 5427 4041 370
4 2061 973 847 3015
4 9247 4863 2155 4644
4 7792 6668 3135 4631
4 2222 1492 9618 5363
4 2752 7168 2843 5570
4 2687 44 453 2117
4 8284 1561 7100 461
4 8775 3505 9765 3295
4 1423 4036 8287 2932
4 8854 1385 6640 8004
4 3273 8591 5616 3715
4 2345 5918 2096 6639
4 9813 674 3420 7936
4 1556 5090 4695 2331
4 666 5251 2935 2598
4 3825 6762 9959 1677
4 4147 1114 6756 1081
4 5001 5592 8384 8689
4 8119 6196 9818 1388
4 7525 5989 864 6613
4 948 4106 683 3942
4 9888 5526 8911 8320
4 5211 9128 4194 4473
4 5083 3149 7369 8585
4 5052 7515 2459 2819
4 8777 936 2968 4670
4 132 7819 3484 7577
4 2246 962 7863 8240
4 8814 876 7939 2723
4 7368 8837 752 9256
4 3457 8991 8392 110
4 7208 7290 3176 7950
4 7101 2196 371 2728
4 684 8636 281 4808
4 9267 8641 2212 5791
4 6240 63 2499 5602
4 9614 7259 2475 3656
4 714 4090 1101 9019
4 2064 5651 4916 9894
4 3678 1013 7834 839
4 1491 5048 3765 7945
4 2548 3024 6170 7198
4 4961 4405 5945 1071
4 9965 1115 1004 4685
4 7937 2124 3302 1233
4 4579 3272 8152 3795
4 9986 5042 6677 7104
4 384 3647 9295 2141
4 7927 2070 2008 1734
4 4702 7135 6782 5101
4 5773 6495 854 1707
4 8058 2115 4430 1164
4 1214 336 5046 7540
4 7201 2080 4957 4788
4 2922 5214 8639 7409
4 2558 4917 443 8063
4 7896 1341 7825 5653
4 3499 49 7202 6702
4 976 7961 9307 4886
4 1146 1830 4964 6381
4 4509 3463 7313 6176
4 9568 818 82 4983
4 6107 8612 5295 3792
4 7595 7757 3047 5772
4 4135 4874 5982 3940
4 3607 3096 2727 5713
4 2228 2274 9305 8338
4 2964 3896 6252 3566
4 636 3228 1353 4322
4 3309 1210 8485 8608
4 7136 887 5310 7305
4 1851 6168 3293 4240
4 7543 4925 7516 6550
4 71 8322 9433 4406
4 1988 8745 1203 9129
4 6935 7551 9866 4940
4 1671 1955 5625 9795
4 7145 1812 9527 7
4 4185 8116 5383 4141
4 3437 5219 7579 47
4 4131 2456 7326 8465
4 1450 3114 594 1322
4 8851 9552 4167 4235
4 2259 4637 7359 3042
4 9 3142 766 1094
4 7231 1713 5006 4655
4 5652 1742 9539 3686
4 7583 1934 9690 2686
4 532 5873 5494 9525
4 4074 2962 4561 7715
4 3844 9263 8803 4657
4 2481 8553 727 3072
4 4847 1050 723 1895
4 7083 4475 4112 6129
4 6957 8250 2759 3357
4 4102 7447 9917 8387
4 9532 9235 2982 4374
4 62 7088 2293 8736
4 2736 7196 3519 8332
4 1946 3196 954 7648
4 7308 8375 213 7032
4 9946 4320 859 9196
4 8010 9063 6547 5163
4 1591 2045 5777 4076
4 2726 6882 1724 1418
4 4619 7725 2060 8193
4 6611 5904 2342 8767
4 3337 3689 2652 6178
4 9106 850 1568 2340
4 992 4402 5172 9119
4 2544 8644 3155 1433
4 4995 9966 4490 4638
4 4912 3672 1621 9747
4 6558 3170 2642 586
4 2085 3648 3775 2749
4 120 5729 9576 8626
4 9344 201 3757 6038
4 7851 3781 5686 6913
4 7494 3542 7451 6534
4 8601 3257 7643 4139
4 2828 8478 6571 774
4 6567 8397 5931 4550
4 7148 8138 7814 5156
4 2628 7545 7464 3889
4 2323 1763 9542 403
4 8186 3593 2870 4244
4 2862 6134 328 676
4 4150 9302 2795 7862
4 3376 3112 6537 3475
4 4058 8997 2300 9275
4 9151 18 9713 2308
4 7079 4959 6927 8187
4 6467 9559 58 8865
4 2036 2814 1383 2213
4 5081 4390 5366 4044
4 8242 8233 8267 9900
4 7316 3869 3840 3451
4 3708 8115 8259 4480
4 5609 7445 7703 7166
4 9528 8506 6171 1711
4 6147 7673 3842 778
4 8849 446 8616 2123
4 5845 9243 1160 2305
4 9320 9873 8079 1839
4 11 2160 1049 1936
4 2267 5540 8094 3583
4 3526 245 2243 4837
4 8430 654 2313 8101
4 1136 3126 5096 6359
4 6123 8167 1552 333
4 9605 2023 6050 7944
4 7267 5359 9514 1509
4 3913 5324 2985 5136
4 3950 4284 8509 9921
4 7726 7385 8036 5854
4 9374 8286 2944 687
4 4551 7953 2282 7008
4 6580 2920 6300 373
4 4902 6777 8367 3106
4 1767 7522 4498 6842
4 2535 9784 5209 3745
4 706 3618 1845 3899
4 9289 6481 3632 7466
4 1231 65 2817 2674
4 7922 3253 9340 1427
4 5665 8348 9856 6060
4 2203 6989 2718 5600
4 6985 4690 8701 177
4 7026 9722 9283 9942
4 9732 7700 463 5622
4 3002 8026 7756 593
4 2994 1359 4151 3083
4 8346 7920 5919 4965
4 9111 8563 6638 6582
4 2572 8721 1996 4516
4 7050 1096 8697 9691
4 8047 780 2941 8834
4 7212 3229 9649 1357
4 6313 1817 6329 9252
4 8253 2619 745 1085
4 2364 9778 9366 3485
4 4137 7209 1372 5962
4 4951 2571 522 1336
4 103 717 3356 9779
4 6316 4582 6363 2009
4 8839 9443 2802 2112
4 8477 251 565 4351
4 6602 4352 6477 709
4 1861 9751 2647 3368
4 6426 67 5909 5891
4 2351 8811 9154 6994
4 3443 7119 8199 9123
4 9365 2905 5793 257
4 7629 1340 3089 4259
4 645 6 9124 1976
4 8751 2536 8614 7671
4 214 7981 5492 171
4 6415 1510 3379 1787
4 4884 332 9585 7330
4 1202 2095 9325 9546
4 9806 9629 4357 4293
4 7911 7489 1701 4477
4 2162 8947 3496 4134
4 1344 3062 5239 60
4 3214 5593 3308 6666
4 1001 9968 8923 2957
4 8501 1820 8163 8200
4 4557 5544 4867 188
4 9363 1717 877 9930
4 9511 5149 9974 6914
4 5330 8835 750 8529
4 5236 6956 1740 7934
4 4222 8003 1975 8779
4 5733 5244 5518 7391
4 4711 5332 6342 1505
4 7057 6297 5991 4977
4 8658 1351 4727 1564
4 9545 321 2776 8651
4 7613 1800 3730 7677
4 1883 2575 924 1364
4 9166 296 7415 8431
4 4331 4696 7439 8040
4 3750 6188 9962 7153
4 5758 3120 5529 1965
4 1249 2245 4572 7344
4 5970 7210 9419 1522
4 791 1747 9426 8990
4 7647 8915 4415 5028
4 2509 8168 4717 7699
4 3579 8449 4161 5131
4 9550 5808 5683 8579
4 6738 3473 5488 5835
4 8056 7972 1743 8418
4 96 6042 2265 9397
4 9341 2043 3655 5728
4 2573 7824 5074 1061
4 767 1714 6616 9271
4 6627 9569 55 6419
4 3087 8866 1673 7250
4 902 301 6273 3845
4 2952 3830 8607 264
4 6144 1523 1200 8548
4 5720 631 8470 797
4 9626 7524 4870 1889
4 9853 197 6742 3223
4 3834 773 8625 385
4 1178 1636 9566 3306
4 3167 1508 6226 6410
4 8487 5553 2809 8702
4 6309 5155 2089 9797
4 9572 8659 3137 4367
4 2055 6336 9048 407
4 4960 8132 6377 3978
4 1476 9250 7748 6192
4 7436 4600 3905 5375
4 5864 7155 7567 8183
4 1810 3557 730 4649
4 5610 2612 1948 3673
4 3870 1228 1998 3271
4 278 9718 4079 6384
4 2486 8671 4524 3791
4 9689 4200 4861 875
4 4043 6769 6058 9952
4 6198 9746 3001 6028
4 9265 283 6747 9843
4 2353 8940 5308 8707
4 3 1912 1429 3944
4 9871 7253 5476 3857
4 85 7302 2912 1483
4 8172 9078 6010 5170
4 6662 3367 8204 432
4 3997 9507 8677 1140
4 7443 8297 2000 7412
4 263 4527 6578 3278
4 4179 884 8453 915
4 1587 9755 836 1040
4 4706 7118 7880 1853
4 4532 7095 3028 6981
4 2927 8683 7103 6146
4 6483 5203 5207 4607
4 1720 4469 6012 8442
4 7978 5803 9695 513
4 8670 995 5849 6110
4 7696 3022 6320 3885
4 3728 7319 1821 464
4 6757 8964 1378 2585
4 1224 7617 7618 634
4 3508 7296 2877 4474
4 8929 4565 1253 4883
4 6370 1037 7603 4617
4 8722 3518 5174 1073
4 6498 7861 3037 4307
4 8932 5197 3877 8750
4 6444 3561 9908 3736
4 1708 1681 1542 3248
4 1923 8895 3362 8692
4 5785 1684 4871 1117
4 1526 7759 4786 9359
4 2939 3375 9464 1154
4 2627 4038 137 5902
4 1116 2937 1152 4439
4 1484 8524 7536 559
4 9599 2488 3892 1571
4 8328 4361 520 7870
4 8874 5278 3511 8956
4 4521 5462 9880 6296
4 6367 4292 2798 4975
4 7678 2592 5823 8637
4 3853 9197 8466 7823
4 5839 7041 9849 3055
4 9769 1833 5547 5341
4 3544 916 6231 6656
4 3107 1261 7178 6965
4 5705 8527 7463 174
4 17 2566 9425 970
4 1361 9961 4946 1712
4 5941 6577 4668 6220
4 6605 2600 9907 172
4 56 2185 1726 6938
4 7255 9984 5378 5441
4 5998 7238 2368 5503
4 760 846 7130 6389
4 5548 529 7215 8516
4 4604 10 3769 5250
4 7363 9350 3050 9014
4 6715 145 6856 3746
4 4663 738 5446 297
4 1430 844 451 8931
4 1765 1234 8363 5151
4 3516 4731 3969 2106
4 688 1570 9092 5563
4 7740 5649 6583 1601
4 5271 923 2716 6752
4 9168 208 525 1122
4 3134 8714 1197 6540
4 6364 9741 6266 5118
4 6205 7218 9895 2766
4 2165 912 556 7778
4 5579 1487 9597 5325
4 6526 1827 7624 3104
4 6133 2407 9121 9161
4 139 7149 164 926
4 3540 1963 8239 4093
4 9182 9450 117 8081
4 2221 3258 7518 6396
4 4990 2295 4491 8673
4 2649 7558 2007 8833
4 9214 5013 5017 8059
4 4230 2484 8161 5948
4 5007 1589 1648 2804
4 6451 6052 9390 9246
4 8044 5627 5574 8824
4 7499 211 8650 3674
4 4627 7839 9594 5899
4 5056 7692 480 5875
4 8198 4126 3691 7346
4 2309 6149 2879 628
4 8293 7152 6680 2555
4 642 87 7983 8617
4 9135 2127 7204 2848
4 1010 9719 2590 6102
4 1015 3932 8247 2836
4 6623 3276 9490 6721
4 7318 3029 1825 7752
4 2811 8609 8305 3608
4 6157 6645 656 7278
4 8653 2125 6215 9588
4 3828 7151 5879 1866
4 178 597 9414 7954
4 900 8606 1847 6036
4 1876 289 1735 9580
4 6731 3973 4555 9471
4 2872 9776 1943 5513
4 206 3480 3692 28
4 3677 1620 9286 6193
4 2516 4650 5487 3239
4 6256 4859 1159 5824
4 8652 1856 931 4671
4 7375 2538 9852 1464
4 1311 5815 9382 6350
4 6703 8578 4170 1056
4 8134 6685 1393 590
4 9499 2226 3891 4522
4 6531 1819 1632 3527
4 9276 3808 4573 2697
4 7764 5058 3132 2999
4 4496 8258 5981 834
4 1129 6111 3092 6152
4 7888 8434 5061 4792
4 1205 5559 307 1994
4 6984 1260 8468 124
4 6206 1877 2732 151
4 6443 8537 6741 4054
4 1874 1718 9238 3895
4 53 9637 7105 7475
4 4933 8684 7875 9407
4 8342 5094 6053 7542
4 2190 1888 9241 589
4 4725 7734 236 1562
4 4997 1642 290 8967
4 6228 9799 3573 142
4 2705 4857 7512 3980
4 9165 9675 9748 4055
4 7413 4814 2091 2428
4 6306 7777 4611 7610
4 9326 4865 1884 1704
4 5418 7884 9714 4661
4 5371 9730 4442 8907
4 4091 7219 4592 9761
4 9602 6628 3297 8032
4 6932 4636 8035 4692
4 5710 7361 253 4774
4 6651 6676 9864 2490
4 7993 9530 5644 7286
4 2020 7659 9376 4875
4 1445 4703 4989 6155
4 2765 540 2241 7406
4 6849 4381 4066 362
4 3558 2854 5044 3912
4 1282 1837 5235 735
4 4716 5794 5517 648
4 6557 4363 3924 6326
4 4506 2887 9976 1440
4 7662 6827 4926 5035
4 9523 4187 2254 2565
4 9896 8176 7526 8123
4 3839 3945 3654 3802
4 7841 7090 6365 7594
4 7074 4771 3553 2400
4 9016 2461 7003 1023
4 898 4904 6733 8423
4 3531 5020 5671 1595
4 4656 7382 6380 6976
4 8241 7733 9922 4089
4 6794 3567 3498 6366
4 1598 4064 5916 4410
4 2806 9650 534 4773
4 4559 3422 1339 1406
4 2457 7037 2006 6673
4 5474 358 5389 2081
4 5530 8333 1467 6289
4 2320 1332 6436 8597
4 9220 7432 5355 5205
4 7683 4412 1723 7374
4 1533 9453 9368 7356
4 210 8432 6988 4879
4 6800 6076 9456 404
4 9848 2783 9988 5898
4 3760 8861 147 5336
4 1471 2375 7914 960
4 3906 2907 622 6361
4 689 1422 4495 6857
4 8019 33 1584 489
4 909 1609 8376 8889
4 7821 9879 9468 5489
4 4375 5457 4478 3718
4 3323 6778 4720 8938
4 8715 6490 5178 146
4 6514 4766 7943 4639
4 5086 7818 5551 7534
4 7768 7419 8648 9043
4 5633 4011 7785 2381
4 3145 3704 2462 7426
4 8153 2389 6528 7310
4 8898 6784 1021 9726
4 5869 9192 5856 9561
4 7530 7230 8894 9361
4 7249 4452 2874 3582
4 9684 3244 3617 8043
4 2401 737 8150 2398
4 3595 396 8823 3914
4 8845 2260 7592 9072
4 7175 3882 6016 9703
4 1529 6340 6585 3153
4 6870 5467 8954 3983
4 1930 150 1922 3559
4 9631 3352 5776 1512
4 4026 6208 4057 7917
4 4953 8299 2129 3299
4 5901 5380 5920 39
4 9222 6202 1952 198
4 7013 8679 8425 7990
4 5255 9122 635 9971
4 5085 3371 5461 5865
4 3966 8325 9143 835
4 4202 7116 1090 5832
4 4907 4823 4467 5522
4 2191 8712 7770 7454
4 3749 6834 1886 9429
4 6466 8746 3985 7956
4 804 9221 3339 9802
4 5724 8682 6649 8238
4 9062 7010 5531 9667
4 3188 359 32 5556
4 3075 7966 947 7596
4 512 9549 9606 2134
4 4124 7480 5615 9183
4 3564 3129 1507 9734
4 1822 6724 711 4704
4 9828 7689 3136 9091
4 2277 1761 1347 4016
4 45 3011 5908 2924
4 8519 3811 7809 7221
4 6421 5896 149 4640
4 3428 4887 9868 678
4 7220 6184 6700 7731
4 6705 1256 7970 300
4 6574 170 1100 7876
4 2707 6873 8276 2167
4 5756 9173 6243 2343
4 3322 2148 4208 7186
4 313 6160 6811 5566
4 4514 3641 0 5451
4 7964 6446 8196 8632
4 3991 4465 5584 2024
4 9096 6264 3694 849
4 5047 1382 8263 9573
4 2278 8264 471 6248
4 6637 5939 8562 6203
4 5164 611 9459 3020
4 3724 3121 2198 2467
4 5277 8908 8517 1908
4 8027 6681 1047 5954
4 5166 2495 4949 4708
4 9978 6659 2672 7984
4 6903 8752 6553 4335
4 9752 9299 1044 7975
4 9996 7386 9891 5657
4 2983 1174 6015 9583
4 6522 8133 9987 7424
4 1157 6726 4659 6596
4 1199 6942 5240 4215
4 1181 5860 9068 3681
4 2367 9328 1569 5040
4 1179 5947 3818 4992
4 6648 2875 8711 4340
4 8801 7425 9210 6112
4 1106 6017 3412 5449
4 541 3203 9633 7727
4 5721 3127 433 7384
4 2337 1593 4511 3226
4 5362 9038 708 1411
4 6022 8222 5173 7521
4 3517 5836 4790 9836
4 2062 5763 7509 8143
4 562 6719 3031 3894
4 4286 1668 1616 9721
4 6478 825 7500 5536
4 5813 1840 4419 514
4 4456 8160 1381 3563
4 2506 2702 8210 6246
4 8863 8413 8864 8696
4 4052 204 8828 7555
4 355 2025 8667 8202
4 2296 5496 9486 4206
4 5157 6351 2601 889
4 8139 1768 2120 3105
4 8810 6713 7877 8336
4 5730 968 4359 6492
4 1400 1751 4958 608
4 9995 1535 3330 2437
4 8006 2159 4742 1409
3 9935 1012 4188
3 6864 6280 465
3 3596 2329 2954
3 7751 6275 8876
3 5198 9920 4092
3 8031 70 6051
3 8977 5872 3972
3 9198 4801 2033
3 240 3657 7633
3 9418 8919 3235
3 530 5368 955
3 4228 234 6960
3 9269 4858 1843
3 4943 919 1321
3 6263 3004 2578
3 3809 131 9600
3 7614 3926 9028
3 7397 6576 1640
3 5606 2746 7729
3 9187 5751 270
3 4000 9716 9519
3 431 8089 430
3 8454 456 7924
3 3311 8215 1062
3 9768 5082 620
3 2661 9332 2949
3 1939 97 500
3 3939 2762 978
3 1750 372 2786
3 2604 1330 6964
3 4046 8137 7995
3 6698 6008 9201
3 9767 6097 9699
3 5208 9446 2193
3 1259 1036 5191
3 1744 439 4301
3 9538 6890 4534
3 7663 2977 9584
3 6161 2072 2632
3 5986 9431 136
3 9656 4796 673
3 9086 8401 6003
3 6761 3956 1980
3 8447 7170 4798
3 7457 1519 6565
3 1796 3590 6835
3 6824 2694 4942
3 2772 4221 7991
3 1475 8822 8180
3 3212 2713 6844
3 9398 7407 885
3 2514 2102 5245
3 9944 5482 2595
3 3370 8383 9413
3 8252 2074 183
3 1318 8326 2399
3 956 3280 6137
3 4104 8568 1961
3 8435 24 1649
3 6352 86 4635
3 7895 5752 9075
3 4777 5666 8859
3 6450 1694 5732
3 9083 7800 6197
3 37 3060 7674
3 4387 6809 6887
3 4502 6463 6121
3 9855 3344 3793
3 8037 1279 4238
3 2207 7881 9036
3 2297 1546 3822
3 7586 6302 7471
3 4783 1983 7554
3 457 4839 2881
3 2891 2953 5994
3 7461 9009 6972
3 8900 1755 1538
3 7410 458 4248
3 7724 602 7362
3 4595 756 487
3 5168 8815 8314
3 6959 7812 4400
3 7320 5897 3543
3 3364 7357 6963
3 4358 2144 3951
3 7206 335 9035
3 6311 2149 8353
3 8093 9137 6471
3 2608 4596 7094
3 3052 4399 4116
3 9094 2903 8766
3 2596 8930 2210
3 9047 5024 3141
3 7387 6915 4434
3 9578 2610 3347
3 1371 2956 462
3 9564 9114 6506
3 392 9838 2028
3 4504 1536 801
3 6353 3875 4339
3 2785 6332 221
3 9215 2741 3021
3 8486 1161 7889
3 9659 4069 40
3 7602 2892 7850
3 6448 3651 4994
3 6925 6818 1688
3 2859 6127 7078
3 1678 2837 5628
3 3789 5066 8663
3 6148 6232 3887
3 2059 5181 6175
3 1453 5233 4877
3 2412 9709 168
3 725 802 4982
3 31 9820 2469
3 4736 9993 7694
3 840 9394 1426
3 7859 4291 5125
3 8438 6944 7557
3 739 6328 1009
3 2685 6229 5106
3 8543 4688 2307
3 9651 8737 7959
3 842 7632 1778
3 2683 8028 502
3 4097 9678 5817
3 9540 2101 8576
3 3318 644 9595
3 511 639 8022
3 1220 9015 8426
3 343 78 6699
3 3841 325 9223
3 402 6725 615
3 1959 152 4488
3 393 2169 4549
3 7960 5128 3012
3 613 2950 5959
3 7395 4689 7742
3 8804 4787 4567
3 1043 9489 5558
3 6473 5719 5631
3 229 1869 5676
3 2388 68 5422
3 4099 34 793
3 7803 6034 5190
3 7971 8643 7423
3 848 8256 4031
3 5882 8950 9227
3 4880 3679 8903
3 6952 8097 3123
3 953 1979 3555
3 726 2242 9957
3 1377 1807 2472
3 3903 1165 1080
3 7314 7994 7697
3 7631 6315 4826
3 7532 3743 6746
3 4855 4969 3698
3 3515 6225 4723
3 640 13 1167
3 6452 5731 467
3 7132 413 5881
3 7581 579 252
3 1892 9887 1270
3 5443 7430 305
3 5850 20 9892
3 6005 860 7176
3 9475 1590 3509
3 2002 6357 8398
3 4047 2164 5212
3 9274 4811 3396
3 477 2669 8571
3 2215 6922 1502
3 153 8629 2137
3 7666 5951 4298
3 2304 76 6563
3 9280 5950 6046
3 346 4451 57
3 6674 6291 2929
3 7826 4078 3621
3 6479 6189 6095
3 4173 5863 740
3 3665 4267 7496
3 4750 3246 2432
3 5161 4155 2898
3 9337 4279 1369
3 7906 2527 7036
3 4679 2358 7713
3 3581 395 4245
3 2629 7951 414
3 2019 293 649
3 193 4554 5146
3 5829 9524 1549
3 4246 2232 1586
3 3233 8212 1953
3 4922 1276 3761
3 6740 3902 7565
3 6210 1416 949
3 5346 7804 83
3 9830 2799 8986
3 8206 7252 3449
3 8456 4662 7024
3 3146 937 6544
3 4249 9065 5026
3 6104 8821 4747
3 1084 9526 5895
3 3838 2533 4311
3 7194 1286 4314
3 554 9234 1504
3 1650 3261 2531
3 3482 6244 3504
3 9313 868 2634
3 9157 2751 2824
3 1194 4030 3161
3 568 23 5714
3 8229 7236 8498
3 4537 444 1516
3 7743 2529 6270
3 3773 6630 8675
3 3431 9294 3806
3 5200 7653 3748
3 2668 9105 5387
3 7813 1793 7197
3 16 4653 3263
3 4856 9543 6258
3 7490 7018 4176
3 6294 4398 9635
3 9333 4328 3332
3 4767 9496 1532
3 1031 1514 982
3 2303 9458 3911
3 3930 9810 8440
3 5401 3174 4501
3 1118 2047 1032
3 1527 1250 8277
3 7963 9692 6664
3 5672 9488 8965
3 4914 4623 8201
3 6612 6920 6245
3 1296 675 9680
3 4001 1891 9551
3 3316 4841 1986
3 5237 7150 8642
3 2442 1452 9958
3 1201 8952 7559
3 4578 8355 6828
3 4892 9085 4713
3 1606 8179 9251
3 499 1027 5199
3 6494 2671 3880
3 9711 5373 2712
3 5059 8654 6510
3 5175 1618 6693
3 4935 5834 6744
3 5980 8727 6569
3 3513 2264 6852
3 3824 2143 8729
3 3125 6822 8289
3 2422 6430 9260
3 6962 4447 4775
3 459 6093 5769
3 5641 8918 7622
3 3407 8177 9002
3 4605 4144 9022
3 858 9149 4164
3 3747 8067 7761
3 5043 3099 4898
3 365 225 9858
3 8897 7957 8808
3 30 7418 5097
3 3570 9655 4407
3 8981 7237 8593
3 8235 7828 5400
3 2328 3147 4095
3 115 6604 9272
3 6118 8382 6600
3 7600 3274 1951
3 2335 8567 9624
3 7849 6846 9985
3 9611 185 1898
3 3547 123 2402
3 1806 6130 4562
3 1058 9181 8756
3 576 6398 4558
3 2946 9073 6727
3 3355 7048 2570
3 6851 6323 8472
3 6590 1978 7190
3 6766 4156 5098
3 8108 1865 1669
3 5471 6126 1132
3 2235 6002 94
3 8978 5831 4482
3 1110 7721 6472
3 7616 7247 4840
3 7315 7085 6090
3 6993 9927 4694
3 7273 7899 5442
3 4325 2220 5077
3 8753 4197 1639
3 6899 7665 8393
3 7868 8340 2205
3 7127 2240 4546
3 2466 2046 6669
3 8806 8388 6078
3 9771 6711 8129
3 9338 1754 2333
3 6524 896 3883
3 2582 4804 6304
3 3615 7329 8372
3 2591 5812 473
3 1835 5041 9613
3 3587 8572 8734
3 5944 5505 5019
3 9859 3078 7805
3 7693 7634 9745
3 1288 4489 6223
3 899 3506 1271
3 8640 2911 516
3 7460 160 1266
3 5323 2294 4564
3 6774 1848 2105
3 1774 2216 5621
3 1192 5702 9013
3 9003 6990 9877
3 2549 5800 1313
3 7275 419 9603
3 1849 3265 3324
3 7815 5189 8573
3 3878 6671 2234
3 3884 1137 6697
3 6560 1212 5613
3 143 3664 4172
3 5460 2730 101
3 6356 22 5140
3 9948 6739 4312
3 7121 2136 8021
3 1653 9134 4308
3 8994 3281 3933
3 7491 3439 2199
3 5276 1086 3038
3 6803 2237 4746
3 2754 7123 8996
3 417 753 558
3 9744 906 8773
3 6064 5171 5134
3 2793 5268 6063
3 4217 2390 1699
3 7686 3849 4255
3 2453 3402 9261
3 6581 2781 7931
3 3097 5397 9679
3 9029 3578 7510
3 5598 1127 3873
3 9230 9194 6023
3 6636 550 1170
3 2289 8716 8084
3 6595 5234 2268
3 381 3782 4599
3 1488 4394 4136
3 1461 4918 2852
3 2417 4196 6414
3 8411 6035 5903
3 9008 6831 796
3 4818 1480 9844
3 1656 2016 5426
3 5523 8464 1093
3 2406 7117 8166
3 159 7786 2621
3 2951 4613 4678
3 5246 1624 9759
3 3817 6520 2775
3 1172 6096 8316
3 6261 3381 3491
3 7233 9901 1783
3 828 3888 219
3 8789 2444 8049
3 6132 8793 7400
3 8759 5253 472
3 4630 3131 8633
3 3262 6517 1665
3 217 4910 8987
3 1985 1627 2334
3 6227 7903 1814
3 845 5770 1404
3 7684 5736 7309
3 4094 6432 133
3 3442 6373 279
3 3783 3300 893
3 3965 8539 8618
3 1867 6529 2731
3 2068 7788 3334
3 6953 7925 3744
3 6180 9535 7501
3 2711 1781 4088
3 1208 9534 2554
3 1221 7969 4479
3 2987 5917 5391
3 5398 5966 4487
3 2281 9575 5586
3 5577 5313 1836
3 9502 218 3401
3 4932 2065 3312
3 4193 8165 3721
3 610 2750 1801
3 3584 5972 651
3 3927 4894 9200
3 7898 1184 3445
3 5132 1899 5104
3 7675 3862 7388
3 6812 6586 6417
3 1904 1646 401
3 9660 669 7980
3 8665 2722 5064
3 5370 990 3539
3 7371 7110 4544
3 8638 2376 5594
3 3929 3124 2464
3 1292 4538 9846
3 4981 7289 9882
3 4428 9754 3076
3 7672 5599 9941
3 3411 5481 7502
3 3947 7695 2947
3 9770 3085 545
3 1716 934 3216
3 89 4529 2184
3 7065 1638 8694
3 2326 3017 3424
3 7043 771 3807
3 1928 6405 8268
3 292 163 6259
3 8584 1683 8525
3 757 8934 2560
3 977 5511 8015
3 7664 9209 827
3 3521 2087 7907
3 7902 9356 5345
3 2173 4669 9156
3 249 8842 1935
3 1299 6770 144
3 1130 4628 1469
3 7608 6973 2057
3 6958 2480 3115
3 7744 7096 930
3 6409 1138 1120
3 6307 6068 894
3 9140 2022 2567
3 2990 7177 5122
3 6805 9670 3580
3 2835 304 2050
3 207 4833 2463
3 9089 6497 8732
3 1870 4163 316
3 241 5804 7134
3 8709 5429 8853
3 7962 4553 199
3 4882 618 4646
3 7223 6331 3313
3 4842 3610 288
3 4149 9860 2011
3 3941 691 1331
3 7274 7014 8776
3 8273 1209 7553
3 9785 157 8409
3 5725 8502 3186
3 9179 3178 7216
3 5192 6541 865
3 9225 9491 2564
3 643 7640 4392
3 3541 2179 3353
3 8298 8886 6425
3 7642 287 728
3 6897 3893 7163
3 7544 4948 8068
3 9152 4337 356
3 7878 6301 2227
3 5514 5718 7019
3 5663 9100 1841
3 5182 3006 9647
3 9863 4468 616
3 2805 8534 9710
3 8870 5329 5578
3 819 8645 1958
3 6387 7229 1574
3 1652 6513 4355
3 5254 7546 2288
3 7795 2418 4226
3 4714 5060 4789
3 3753 6213 1971
3 6904 862 5206
3 9367 7298 1227
3 1277 108 9406
3 5550 5658 2239
3 5612 4634 6796
3 5741 9172 2841
3 4508 3425 784
3 4143 8941 8141
3 3536 6629 7087
3 425 9232 9870
3 1809 3798 2563
3 5534 5825 9553
3 6814 5424 3438
3 8740 9329 7948
3 1495 9617 867
3 733 9885 4598
3 2163 5848 186
3 6087 8310 5952
3 3812 9582 9590
3 1479 2344 2201
3 5611 4791 7091
3 5510 800 4693
3 7349 3209 769
3 9158 6484 7556
3 6620 9423 5771
3 5958 2689 348
3 1615 8564 1376
3 3712 226 5573
3 1661 347 378
3 2318 1700 1563
3 2577 9570 3208
3 2435 6125 7441
3 128 8103 7333
3 189 6253 8321
3 3917 6748 9555
3 4403 1685 9876
3 9346 8771 7365
3 4290 4986 4518
3 789 1099 4726
3 9862 2152 8309
3 4906 383 1403
3 7799 9314 7434
3 719 5316 2012
3 2451 7060 6701
3 4211 7459 1235
3 7580 3213 8347
3 7946 9954 7541
3 1909 8493 9819
2 1196 8086
2 633 8064
2 4709 958
2 7758 6917
2 1949 5409
2 5183 9205
2 2470 7140
2 5294 1788
2 349 415
2 4939 1494
2 2586 441
2 7835 1131
2 6692 1868
2 361 9323
2 9737 5343
2 6457 8686
2 8080 2356
2 1679 831
2 3784 3949
2 6279 1993
2 1284 1119
2 291 1180
2 8379 2878
2 863 5148
2 703 1188
2 4996 1230
2 1799 3859
2 3860 2550
2 5379 8282
2 8960 6456
2 203 2382
2 3327 1105
2 1323 5410
2 280 8875
2 9999 3821
2 4621 4
2 7479 8406
2 9372 509
2 782 1818
2 2498 2483
2 5779 7507
2 8412 7807
2 935 2035
2 2384 6843
2 693 5694
2 7669 388
2 1611 1335
2 1732 8726
2 405 7965
2 3247 9663
2 2324 7753
2 268 8784
2 922 8955
2 6233 7251
2 9807 4950
2 1074 2378
2 258 9102
2 4344 4632
2 6407 2579
2 4633 5699
2 3394 1133
2 1111 4734
2 4330 5051
2 227 4254
2 3787 8970
2 5833 6085
2 8985 1135
2 4664 4675
2 8410 2789
2 200 1046
2 7307 5356
2 7791 9742
2 8791 9701
2 8523 9636
2 3389 3292
2 2942 2541
2 2311 2086
2 6635 4979
2 8461 983
2 376 2386
2 7667 811
2 318 2373
2 1029 1987
2 6500 9604
2 3922 9724
2 5844 4107
2 2405 1553
2 3639 3386
2 4461 5977
2 662 6983
2 3827 7322
2 2410 7399
2 8731 5177
2 6371 491
2 5005 4425
2 794 2030
2 741 2676
2 9533 8602
2 8164 173
2 342 7092
2 6434 6158
2 2508 9148
2 9162 5327
2 3199 3385
2 9186 9632
2 4371 9557
2 9644 2715
2 8374 8491
2 9717 6647
2 6254 9773
2 5187 3008
2 4369 8136
2 2825 409
2 7820 5266
2 872 6242
2 5413 6420
2 7340 3819
2 4273 1992
2 9342 5885
2 1918 4810
2 7992 1534
2 7706 8725
2 4220 2883
2 621 7627
2 3756 8872
2 3866 148
2 1439 5957
2 821 7636
2 4323 1329
2 3225 1206
2 7712 1554
2 3794 4651
2 7069 4978
2 69 3267
2 3935 984
2 5399 7832
2 9282 1063
2 9977 1045
2 5643 2934
2 5210 2747
2 3799 1705
2 4435 195
2 1969 5073
2 1415 1897
2 6678 917
2 7228 9609
2 8857 2166
2 7243 5045
2 7276 435
2 9327 7093
2 5883 4535
2 6480 4807
2 5265 5470
2 7165 7408
2 6174 5840
2 6234 6499
2 5853 3144
2 7033 5167
2 4237 9362
2 652 3227
2 508 4260
2 2427 5361
2 2873 8728
2 3058 483
2 9963 3620
2 8758 4103
2 4356 9159
2 1731 2884
2 2803 7547
2 1610 7736
2 2172 605
2 8879 2503
2 3466 3474
2 7264 5979
2 7393 8613
2 4032 4214
2 901 7938
2 312 437
2 9070 7915
2 2996 5745
2 9822 5350
2 8535 7793
2 8142 6841
2 9011 4822
2 4372 1654
2 8770 8778
2 8780 3636
2 7097 7416
2 6654 8570
2 4224 8395
2 4758 6077
2 2500 987
2 6675 5340
2 9787 8507
2 2425 4860
2 1305 7172
2 5508 7588
2 179 9775
2 2330 194
2 6901 4732
2 8786 9380
2 111 2170
2 303 8117
2 2206 3082
2 6853 9415
2 8877 2769
2 184 3984
2 8311 118
2 7639 7059
2 3530 209
2 596 6187
2 2556 4890
2 1142 4972
2 8144 7789
2 3476 192
2 7427 9749
2 4577 4891
2 3879 7856
2 5279 9218
2 7098 8224
2 9264 729
2 1728 7883
2 9931 2520
2 5067 4285
2 7561 8975
2 482 8405
2 7942 3044
2 5107 7086
2 6128 8361
2 4376 8114
2 9571 4175
2 3777 3189
2 8961 1614
2 6141 7578
2 8417 1831
2 478 9421
2 5557 8038
2 4724 274
2 3716 3493
2 7590 1972
2 4523 4952
2 5747 2485
2 5696 6156
2 6411 6614
2 908 2808
2 9436 2771
2 8272 8061
2 7075 1517
2 5993 6902
2 230 1485
2 7741 5906
2 1695 3727
2 2812 121
2 2974 8244
2 3717 6308
2 8135 2512
2 9556 5983
2 156 8075
2 781 7847
2 4232 2039
2 8462 6833
2 2098 6720
2 7045 1350
2 7187 8009
2 7077 6682
2 9031 5483
2 4699 5504
2 4470 1625
2 1496 7483
2 7606 6559
2 8002 9793
2 8530 6937
2 3685 4899
2 6177 6607
2 5213 1749
2 8797 6428
2 5533 256
2 2532 2272
2 4845 7017
2 2271 1283
2 8698 6429
2 574 8011
2 8220 4098
2 1226 8561
2 8542 507
2 833 1937
2 2602 2110
2 8880 5870
2 3635 5617
2 424 8045
2 5304 6265
2 1177 8500
2 4333 4063
2 5727 7730
2 9736 61
2 311 2827
2 9126 6545
2 8110 7864
2 2447 3053
2 7068 6026
2 4980 428
2 4913 9686
2 4297 4966
2 81 3108
2 8556 9301
2 1804 1634
2 3059 1917
2 6971 1696
2 3690 682
2 7550 8868
2 1326 4588
2 1984 5158
2 1006 2298
2 5260 8159
2 9357 7248
2 7404 2231
2 5262 1753
2 3023 4427
2 4440 4876
2 8494 2657
2 7337 9457
2 866 5377
2 5382 8635
2 795 5023
2 1513 5783
2 1501 9498
2 1171 7533
2 5938 3307
2 7682 1703
2 7138 406
2 7292 1166
2 903 538
2 6551 7711
2 8850 9932
2 7929 5480
2 9007 3469
2 803 8190
2 2252 7833
2 8441 8924
2 6998 4262
2 3268 959
2 3993 6075
2 7030 9296
2 7830 9910
2 5008 7139
2 5907 7022
2 8473 9521
2 6539 6293
2 5754 1789
2 4305 1622
2 7367 6412
2 3534 8968
2 6237 5910
2 1932 5585
2 2310 5472
2 1307 4770
2 3205 2583
2 7584 2357
2 4591 9823
2 3361 7453
2 8592 5632
2 6617 6021
2 1762 1275
2 6257 182
2 6098 2393
2 3266 2900
2 8555 7067
2 3846 7514
2 2673 4453
2 2138 1824
2 5926 4923
2 4048 7129
2 5900 6859
2 6393 9698
2 7281 6799
2 3963 9577
2 658 6533
2 3854 9042
2 603 1191
2 4060 668
2 3705 7102
2 4793 4019
2 5010 4843
2 9044 6519
2 2645 5693
2 4830 3286
2 4283 5281
2 3416 6848
2 4893 7688
2 7523 1149
2 3154 4851
2 9548 3810
2 7071 5100
2 921 9914
2 4571 5430
2 6454 8001
2 2899 9311
2 5640 2928
2 1770 9189
2 7985 7000
2 3382 9297
2 6222 9861
2 1612 275
2 7574 25
2 3591 1190
2 2546 698
2 2961 6643
2 3994 452
2 3611 3169
2 2026 1878
2 9411 224
2 341 4236
2 8541 8085
2 2664 4911
2 7658 6961
2 3803 2385
2 6040 1775
2 582 9101
2 746 54
2 2280 6862
2 238 2709
2 3990 9972
2 5809 3523
2 9270 7782
2 9146 27
2 1302 6923
2 3696 9059
2 6195 319
2 2662 886
2 6592 468
2 2656 8231
2 2153 3719
2 5838 7890
2 3454 4009
2 7852 3619
2 5828 6290
2 972 9204
2 4691 6185
2 6509 6031
2 8000 659
2 6119 8334
2 5538 526
2 6334 9229
2 9554 8554
2 7504 412
2 2980 5386
2 7261 6516
2 5635 6391
2 180 6772
2 6283 3754
2 4209 6199
2 2038 1777
2 9720 1667
2 3413 9933
2 1134 4821
2 8109 4525
2 8034 6491
2 9024 9825
2 7011 1873
2 6850 7488
2 2525 3156
2 999 1316
2 5549 8118
2 8098 8546
2 5014 5227
2 2154 2010
2 1725 8344
2 9150 4520
2 573 7222
2 5778 4174
2 5949 4132
2 3645 4987
2 379 2758
2 1880 422
2 1087 6163
2 1308 4581
2 3383 3843
2 1237 8318
2 9400 8757
2 5697 4034
2 4252 4705
2 5859 5257
2 8508 4556
2 6792 9336
2 5153 7882
2 3788 9321
2 360 5049
2 154 7822
2 1915 7183
2 3340 5539
2 5466 986
2 5108 2733
2 9638 8511
2 5527 7042
2 9929 3628
2 5619 533
2 6631 5820
2 1401 9833
2 1374 5342
2 2858 4062
2 1290 5029
2 2706 583
2 3546 911
2 9164 3643
