157
144 2
2159 86252
841 3
97336 53547 18412
13 2
27540 35977
198 4
43277 85926 67461 72862
682 7
62803 36725 2095 99911 37421 71748 64141
231 7
32599 49217 32684 23534 51340 2623 63041
70 7
46955 59038 39147 69450 12609 64693 51218
281 8
35282 28028 98763 44849 39307 61772 34826 58260
936 11
6219 30600 91792 31663 61472 35974 73598 43530 89443 16142 30618
81 13
61114 2707 37652 79916 4736 30539 24063 31106 53156 79511 18456 86279 9268
44 8
67337 19798 6481 11301 7177 48493 12732 27027
328 12
33740 81785 49207 19527 367 53214 19780 96227 43999 33938 25160 34807
120 12
27416 77479 37305 54379 90825 25587 84406 26106 44585 32188 8848 85140
856 15
93699 18910 28726 24378 28413 20892 62884 9664 11792 45789 57723 76147 35138 48369 10159
471 14
3483 15816 14167 12704 51538 81107 32118 73200 6961 35339 73414 18841 90830 99955
463 10
69374 3496 9592 51567 16211 84698 4723 72088 55917 77430
552 12
26350 64790 19646 43328 94290 25992 55545 95124 49661 9877 47379 37990
416 15
77021 14666 72703 94715 85126 78105 92947 1804 17330 43182 79390 70897 17636 61303 75226
386 14
65711 31085 23902 89204 46755 43600 41109 36458 18421 17512 6016 67088 33385 85219
948 17
39578 91111 79672 6900 55675 89537 49716 36420 98258 25708 53225 11347 47500 39097 96773 28157 8941
275 21
44687 56099 19197 87440 5874 89075 80390 13727 34654 78046 15809 28202 24185 37622 62421 90778 68837 58119 65345 56813 38324
435 22
58609 81036 84965 3191 31747 37475 56133 87514 468 11718 40494 34241 48405 79112 21866 97688 35239 95274 34335 95703 46239 32522
703 20
71501 47401 60396 44773 39512 87338 14638 26371 49064 81481 90768 1560 54963 18747 9559 95323 129 6977 86675 62254
406 19
5175 80456 82163 71181 95533 76263 22702 32315 38572 11373 33777 39409 7785 97729 83364 54313 15264 43520 84733
541 17
96782 59810 93418 30209 93491 73074 43135 62190 24930 53375 54475 1339 80208 27260 65129 34813 51843
629 25
56522 86651 72254 58470 7430 76198 42790 49760 85930 44767 15381 33843 40469 6335 49084 44432 4119 78674 44720 59031 94070 40806 32770 61500 23563
565 27
47926 18298 59448 21867 99859 28502 2500 11011 81791 73215 49006 96649 46138 23335 11480 9327 7647 55720 82707 17779 54181 44973 86886 15498 77673 34974 68289
221 21
2939 63931 18439 4511 58210 8930 59295 9653 71305 44632 7527 69314 68448 95958 55582 30788 96568 66391 62039 47015 42072
762 18
71309 8710 55343 48424 67087 51709 77147 7198 44445 74542 5687 82838 9091 65447 22616 34911 86598 10739
450 23
98694 96331 78089 34850 33222 26416 34350 25354 62328 16126 41428 54622 41943 38383 1731 361 33142 17196 5722 57628 29185 69742 99360
628 24
21435 195 2077 46407 36084 75296 41450 86412 7421 11306 39111 20111 61834 26672 28769 76074 62512 84904 24701 71292 98692 5476 90249 41304
761 21
32368 24676 78140 41509 6162 87097 38096 35721 43034 15455 11921 37498 96592 25330 32275 41984 98277 31384 90488 42292 50358
146 14
93375 77474 95077 57078 59379 24660 91766 46781 56219 97504 65870 34321 10833 8225
947 10
11564 1913 55387 5331 28423 49718 49411 80836 35542 3174
251 3
2938 37376 41598
904 30
96194 27513 68927 57341 86671 1856 86160 98418 43209 20175 81671 54659 66038 22015 63021 41572 24938 55707 79888 23015 79128 34195 53883 85665 69792 99157 44885 62037 65717 2428
49 22
13650 46198 75692 79600 85206 75200 5839 31203 51487 26840 89592 93232 65489 9618 41777 64456 4463 6779 98830 30959 73953 48584
222 26
6498 64570 70355 30924 79393 85581 69285 21057 83844 24355 82418 49377 30810 62096 68032 93960 21552 26352 68584 28998 5567 37964 47044 98499 21503 73724
278 22
45258 39290 42949 11858 90358 12331 83635 27908 37979 48655 88276 74880 94202 28802 19858 33382 11697 46972 82762 11619 43132 30594
791 4
39332 31224 71836 79564
85 15
63509 76488 77138 10038 52245 67527 90886 59961 12098 36833 15970 17122 9166 24156 87157
882 15
69355 78158 74862 17521 59653 44806 64438 98898 35958 36185 18201 71752 22896 62758 89879
134 20
52238 42793 68066 44414 21592 20875 4582 17550 35696 87678 82963 8785 18505 81371 11695 45173 76728 12624 78823 67477
916 3
31754 53941 62833
631 3
68008 57136 21711
805 10
73877 69112 96414 63402 24266 55812 18717 97764 61319 56788
975 8
33471 7997 33418 65216 16634 35085 60616 68384
78 3
19849 61714 71418
229 6
12999 5137 69760 22464 44389 87251
596 3
52638 74817 80962
256 3
89206 32650 77214
65 4
67476 49626 2426 18815
170 7
4905 62069 15567 2848 502 38718 84513
812 10
86564 97696 28793 271 14608 38487 69934 7064 52983 65760
280 12
52301 37952 48528 76749 70381 99038 32191 16065 60122 98340 11408 47430
448 13
85355 91115 53346 21219 54809 60066 65766 36648 11707 79327 13848 20141 69606
792 3
71625 92713 95418
490 4
56152 48109 66517 26983
540 6
6157 22813 21461 6493 34567 28228
363 6
23387 15755 2750 65152 35279 27660
423 11
73766 14595 78835 11857 76465 7041 27506 27046 79634 81095 51959
998 3
74508 1806 21445
123 5
9478 79135 20286 7262 40089
637 2
689 27342
138 2
26329 38866
783 14
96879 98690 78220 40292 64742 70086 11320 7126 15093 79527 84857 65572 38471 92317
188 16
97677 6264 58298 2454 89540 61996 80499 88190 85798 96138 589 69166 99385 70888 12571 69968
925 7
74924 10378 2952 48031 89562 21721 6338
612 41
30453 42871 3662 61213 89128 56625 44707 54563 94799 99589 44858 72022 60041 5649 9597 37206 39055 73791 57958 46895 39285 42618 89272 28818 9169 10944 6904 14429 88240 85531 61015 46399 76186 93779 55521 18093 1535 14893 56723 80842 14841
579 2
75426 39654
29 9
20784 86821 74075 28421 49417 37515 90096 27010 40204
34 50
71462 82017 57962 32252 94296 12613 91601 27746 6400 9943 29525 19439 38642 23957 68928 54787 51726 95505 87586 65117 49251 2168 24055 30045 42857 72655 4586 64017 68865 30134 44534 49680 56358 38522 78083 26764 97038 83815 45114 52142 7154 1144 92940 41193 34100 81855 22038 716 11275 19840
204 3
68571 50371 31807
177 13
11759 42981 90681 34967 93638 49481 88360 88148 29812 56610 39464 67698 66759
851 14
69895 31318 51181 86437 62556 20671 17685 59829 16381 47959 39321 66424 87705 2300
26 8
81498 95408 44325 56977 86788 2310 54188 95311
560 28
48005 90938 52013 67096 59326 82319 5506 20059 8124 68343 78678 60481 11762 96201 21286 30680 56892 33027 59690 48658 16683 6983 84438 83270 52489 60682 14136 16895
871 67
48755 65470 51333 69067 70879 85860 51079 37818 19491 42865 3982 75891 55360 78388 99228 37292 76955 34471 42794 71530 55451 56548 6180 97348 15760 20949 41757 19813 29378 13567 41616 52756 49109 70707 45570 54052 92149 98338 77171 94005 16848 40138 34364 78274 99766 90168 45329 50683 16640 23088 74667 44838 70003 55164 22650 56802 54997 86661 44331 20785 58774 8694 46105 81929 96320 10494 68137
1 12
93871 61705 58707 63867 79187 55396 96254 34941 61664 52096 30457 92344
684 21
11678 75924 87544 24202 64674 32494 63122 36241 17908 66134 8551 61410 42341 14943 91336 28378 80285 65985 6932 4432 10167
497 18
79903 677 80100 46418 58208 84951 17973 29987 34659 2751 14349 18767 46346 91417 84778 50987 7979 15299
671 2
12329 32626
412 62
35488 65400 55955 14221 58851 53021 77585 46759 5906 44116 34334 78177 32170 95961 58704 73826 53597 36398 36402 64423 48329 40665 5089 30145 33612 81070 77366 32089 10659 64201 1035 4340 31107 93631 65839 58020 52781 12816 29512 87092 5465 13697 34238 23879 46654 37282 50499 18370 77787 47441 2919 75443 10390 61965 63399 90054 2844 21628 78003 40490 72047 76427
879 43
47492 47390 30359 20508 43124 8477 37544 41466 38132 65893 42530 42703 87490 42640 56991 2301 94795 3678 56357 3019 34051 49398 12952 61215 66093 95043 40365 28369 10293 13049 24531 10142 57178 15010 79080 13914 36837 19548 47025 35284 34443 8002 21152
547 31
50583 22310 63606 64299 12737 76112 63827 13654 91341 31001 80315 60799 87437 57718 90515 80884 62943 798 74249 59907 23756 56509 79644 39535 22013 20239 92667 2963 95446 60851 36426
474 1
958
663 19
79912 81057 67711 43167 35327 89581 86117 75081 4105 51705 777 65240 59545 37123 5739 36846 26611 12367 36875
526 115
71817 15803 10286 5755 15241 9305 21704 94954 47330 61759 6123 78629 11384 65410 24792 27108 57894 837 62365 9276 24409 97746 18548 72474 58001 10088 71818 57246 10421 5561 7890 47216 36857 45228 95128 34123 53540 38218 60950 62689 52510 25645 48268 36731 80643 13780 86268 69975 34133 76677 14827 95586 72443 43531 43984 47576 17135 29975 73702 12924 64872 55948 23237 82702 11677 78752 79826 68202 23623 60722 16282 32894 38960 14129 45382 23620 1267 69044 77440 10367 31084 15977 40110 32792 11842 91276 24561 82037 28322 54067 7484 15881 52851 52907 73663 46692 76838 25882 89840 8014 239 55215 16861 29428 98857 11179 25619 63036 20847 68392 81597 42716 47129 9776 76733
272 34
12788 95194 77091 97814 86254 26863 18920 50258 13755 73736 27417 77231 64923 74317 51912 15006 41319 81023 4560 52401 76693 51308 84434 41434 50607 32574 33431 57442 70631 91707 32365 30437 74158 99838
103 57
4461 16093 21027 93243 28388 95775 97919 63697 4841 91042 2319 83014 65521 6279 84256 27982 17154 37969 20288 73642 97145 54750 5942 2369 53644 67574 15699 23052 30188 7659 42838 46998 62352 95183 28684 18989 80296 48036 9774 53377 69739 51342 30950 25006 90676 69292 59689 35731 3406 17165 75011 74090 19922 58856 93760 11831 96862
711 51
27332 20221 67656 82331 22991 44350 15766 36312 29000 56065 80713 4480 84551 69828 80823 71993 62342 8129 14805 82705 29484 31789 89612 35016 23370 75247 19364 31047 48713 47339 59389 57697 59169 15545 30278 39378 33691 47355 97991 39418 76625 54371 89937 12172 12409 34753 47877 8370 67177 18207 53369
5 27
2438 21103 38077 24862 40260 22609 60212 63062 65616 24656 98439 91065 53033 51534 66802 89836 12689 34176 89563 24126 946 45273 507 60960 84843 99343 5155
452 88
16501 23169 96573 45031 29457 14674 95536 73588 26829 19720 29651 22895 31643 37956 17076 52147 26019 40750 62529 68301 32136 99871 43903 4282 60605 34950 84825 50423 18706 61567 36393 61744 84381 62495 93514 1407 11733 59254 98230 78370 23887 94621 99169 40660 2167 88474 64791 62174 89385 87448 32219 86244 50063 22383 40497 51563 13326 24744 80133 23480 80238 1202 50942 86070 95082 85864 30723 45436 90773 87410 70073 94534 51790 40446 96688 31477 84004 10410 50138 95969 21390 57017 44915 860 21825 79819 41003 2854
785 76
69942 19056 7306 38952 90837 63435 99244 11270 15999 53981 1010 85638 12925 94891 97871 1482 72115 18872 35940 9479 28213 3939 59358 92223 51766 3153 85668 16326 40773 93315 72030 4792 21197 44847 40754 5962 8359 82320 80034 39172 58569 60526 63676 63799 35881 32432 49258 37001 392 94606 43637 6963 74709 83282 52344 24490 59707 26399 93101 39037 74889 50931 18280 233 86366 77790 97516 17892 59064 31731 20329 75962 81087 89376 90521 68900
590 25
87670 98272 94540 29785 94058 70655 61321 6115 50500 43735 89291 25926 17269 93102 85723 69842 61940 56020 27438 3407 19864 9112 62991 30714 41816
360 9
49998 47996 64329 71222 47642 50110 3400 13776 82521
419 28
5674 10314 91950 26437 34933 45980 28616 31110 90601 49690 37851 48201 62184 68394 42792 55888 72217 99534 9513 12761 15275 3893 15661 87009 88662 50333 57683 84364
319 132
72069 47418 2880 75409 40628 31615 63288 60886 64429 43326 70792 72043 32283 59414 85961 64710 44455 52664 17290 12443 96957 73283 6921 58318 60901 53213 57920 15941 56090 35260 56071 70665 64887 28041 92372 74161 33960 27731 12688 80314 82734 80968 73022 93812 83647 286 67032 49335 85799 67009 77412 41047 61830 47761 65179 59817 57773 63735 6683 47722 13831 57096 6205 54345 44220 26504 35682 21519 1046 21743 13584 42259 64689 55329 16894 17805 37337 40125 10874 19951 19972 71284 88332 87686 8384 74131 21603 36276 37493 89729 20913 20216 21424 84215 74372 833 76726 42137 79990 17740 1770 88181 83503 30343 24297 49790 12597 42412 31717 21649 61281 30784 20993 40692 62090 3355 98543 61261 16313 84354 41630 76165 31492 76663 41896 19632 85660 68561 14476 98060 57412 84143
354 10
60764 15966 82880 36021 641 75368 94986 88914 14212 17562
331 104
19571 6730 18453 35388 13418 97734 4874 87306 65853 79767 16637 8480 45748 52580 85875 76296 9663 67312 21378 20751 92099 92268 42467 34568 26496 62092 69464 43018 67598 95706 25120 97551 47678 34354 47385 39526 62098 83408 1927 75278 48942 45064 69076 58207 21816 3892 16882 26205 49451 49932 46296 26069 81723 74044 25351 64542 72851 24290 71769 69540 91450 72981 58197 49494 49617 39887 81403 88573 86682 88801 45284 61784 43710 91265 30096 62822 62975 20712 98270 47484 6534 7147 10105 58108 34412 50934 30521 80330 28292 70874 12546 86721 49984 74463 89774 20527 4510 60797 20196 47343 64346 27168 60144 62100
763 61
72830 85958 73729 76722 49226 34982 84152 57563 45106 78693 17594 54707 51907 56592 65890 23293 39722 40093 93466 7921 90774 76530 87540 14817 62976 12500 95600 59357 97743 87695 13483 71761 95198 9765 6934 30526 17181 98002 75544 55656 8885 4961 68243 90750 85181 42373 56172 94040 70659 92569 97403 24782 95652 32239 59117 55722 88723 68664 64690 31370 93186
193 41
53614 82386 87322 52816 74080 17765 3441 678 16087 59263 8640 23165 36339 3068 57087 52734 45612 93905 90023 45704 52656 22111 90224 22669 81610 91131 21844 42106 92577 674 79388 26810 36378 71694 41801 73792 84095 41402 26402 49077 90926
713 18
64489 92297 41945 95512 99743 55864 87259 91730 57526 72111 50676 96379 65898 29601 64515 18400 91357 41805
546 295
6100 32846 67832 70121 70812 19692 7026 67092 94007 48363 16054 97675 5266 41021 13307 52861 33849 70845 93446 80789 92671 82733 8849 51952 99 27633 17510 60648 87945 2172 62016 69083 87838 39281 72098 21281 25943 24467 82538 64194 31632 34897 93525 47227 95261 44348 44759 63788 47757 71956 75563 89140 18089 47822 72506 68545 97884 14719 70518 12095 72733 58328 15956 90041 23828 73495 47182 1409 7678 92107 76082 50460 52627 22146 69052 41310 2850 35765 79857 88521 665 74548 44272 52691 10009 42828 65730 14634 22020 52082 62474 61023 6654 54500 99588 11727 40586 60142 9320 42150 77029 53167 54281 5459 48548 59543 4688 75042 94122 8159 56474 5961 78473 78703 57062 59465 30948 78607 54255 47183 56050 29942 14188 61656 72621 83567 84545 36740 10152 68341 91589 38841 19302 33930 40375 20323 94191 98294 76579 42542 20656 97020 36219 48849 82168 66184 83247 56964 98518 76399 64350 15762 38575 66377 3093 97597 32194 15274 9368 60880 85576 76527 93175 54428 17729 23062 86065 38213 558 74606 44892 73596 20744 27051 528 94992 89248 18032 90659 34021 34591 49857 37848 19592 5452 87436 3730 8619 59947 23691 48370 14331 84180 11448 91726 83861 78168 37333 94849 31997 69757 2417 90946 36826 33422 41798 7777 55222 204 6410 53566 33784 5373 46430 51202 76034 61880 31459 74532 25616 35938 50412 14025 90040 63591 84659 82970 43031 20559 26799 11462 76018 5367 51394 73944 5437 51276 89090 33637 7131 25922 38451 73158 32661 54074 34172 22246 52046 5219 59010 46769 10310 35244 78902 22752 53568 58266 74804 44626 19290 42593 51934 65438 67625 79956 51345 58271 15395 7280 87552 78427 29529 41017 92693 58053 60410 42457 96050 96118 49953 86913 66195 23454 78864 89177 99835 28510 53849 98213 86649 96139 92566 14906 70647 67168
641 134
29914 11658 38493 76333 57907 2670 41612 35830 34930 75741 70700 42961 37450 37769 83515 43155 90620 1116 83389 47594 27465 27634 42141 65211 22592 82077 17225 44013 92772 66654 55987 74755 34237 20176 82593 5146 20217 65598 43410 55920 23192 11274 11310 93884 53669 13130 80174 88615 23567 11584 4052 86361 50486 25980 14572 23520 36133 33147 2351 19262 38194 81841 12648 89017 82183 3292 34390 12128 18595 25058 96691 98791 75649 59251 21359 85155 48770 58451 60659 75392 35357 74035 17448 65122 88955 60876 69714 27565 60967 65149 62036 84713 72450 48074 77256 44640 84574 1390 86213 12585 41854 31669 54546 99272 70858 1476 4684 99899 2746 55200 73740 53336 45337 25861 28508 18703 65830 7775 18730 84871 93460 93094 7472 42685 18188 92634 89407 44717 22505 19628 45391 57965 37876 23747
754 1
32881
826 141
14716 96883 95675 67354 65036 81419 6391 86350 70156 16971 74348 15873 18556 74820 95465 40398 43247 72068 13161 12020 55789 95677 32628 6380 53737 54292 54413 4225 96434 29625 56708 38601 63391 82750 42084 34801 22817 78313 31286 62127 82829 37884 4529 63929 25642 2754 68419 96110 20586 52675 92386 31907 42249 71807 28846 29064 29307 38818 53468 60004 80863 79034 77483 75684 66761 11832 11604 69670 10618 21234 69537 63569 98746 3288 56780 14198 18549 63782 83648 1893 64353 37934 1380 70291 44460 88391 34261 29049 33679 36097 3949 92651 84742 42125 69079 20563 33082 81519 27064 88913 81050 92018 41494 47793 6892 58237 3109 29830 8417 85303 32274 82972 57219 53299 90364 57724 95517 93636 23095 74554 27296 12983 69275 23703 89715 34588 8133 7579 85786 49299 21316 30534 2113 77932 90359 66219 68511 67404 49887 15157 56434
308 6
73532 28539 84440 3157 45208 94364
345 140
97134 27618 91656 98420 28809 86601 63072 88020 98281 68570 77011 40500 4238 4967 58839 79350 50909 74412 17694 85407 30227 57856 81066 26285 71393 83731 47473 51444 74395 35505 54246 77890 50448 81570 58402 38102 5915 6309 80323 72556 71168 36830 76574 58577 68466 45074 68201 3567 41495 46985 6823 43490 31465 69141 60240 52648 2334 5253 5410 12067 7543 73101 88034 4713 43689 65266 10360 25167 62294 63044 5840 57434 52395 68962 59486 43722 65804 94161 56215 95543 87734 89285 26088 17998 63141 89940 49795 7244 63018 42932 77868 39161 347 45771 83349 96544 37287 70369 82837 67058 73367 42788 82202 71997 37813 29808 86561 64056 11847 88273 9023 74570 62322 10431 25935 85193 52775 14445 39399 55825 17344 94578 57146 55838 55364 98748 12901 64131 3342 3655 85775 21029 21174 17412 49737 46117 68995 74284 51116 90569
370 176
21589 45165 49766 48703 75877 84719 56747 30264 37208 88461 76131 49761 75161 42575 85807 96302 72017 10851 35996 61671 48933 40796 82999 82639 1982 16187 37164 97217 9312 93429 12306 4212 43139 29578 11327 95358 24571 80408 56645 89682 3543 18256 14255 58070 64305 13256 67573 36025 34997 10498 27235 59211 72518 60957 96772 34836 33557 79801 5215 63707 37122 67079 34846 76275 96818 52294 99080 84774 47134 93143 36513 86161 80283 90812 35632 21871 97776 91936 60507 25958 77708 62022 10828 33721 46768 66313 15710 28844 84539 58160 41783 7069 78209 76436 86347 45831 64364 66693 15672 77612 13121 74978 42577 32637 73964 343 92619 94712 25584 56479 20072 40746 80028 60470 97642 52719 24098 55029 12136 65462 61651 62003 42092 28230 82300 21387 76182 45023 76606 81185 83899 92193 25771 60658 87949 22545 94817 28192 43821 39824 27011 35210 56783 85604 79876 29548 67158 46762 23051 43133 33720 37836 89567 16008 96204 1338 50 225 61911 97044 41860 21720 76274 52186 15421 15454 90586 2920 79079 92037 98894 39538 49834 90494 49555 47745
741 25
35364 24131 33121 85433 15899 87818 49027 18683 22957 64010 4682 5376 32698 76183 78195 67579 37514 13498 21767 40562 63682 83407 35942 90009 38676
444 96
41326 60255 19734 5335 28151 56724 38432 41051 47911 72680 70123 84822 30294 55072 58213 54347 20486 1387 98917 74318 67196 8655 55850 33419 90247 59123 24582 84775 21859 54363 99884 39728 25622 50330 99751 78817 19723 1935 6590 48715 95656 44877 93070 21761 36107 79116 12094 62310 9785 65288 34812 48108 70785 87244 83841 55507 983 3658 92002 55357 86473 11582 54829 33549 2220 16805 50135 62804 27815 63197 51347 90593 18941 88792 1727 62243 53679 89704 46724 77620 53142 35073 71988 79561 30495 76196 60307 73518 24508 4860 23338 26234 59870 88787 17773 93941
481 120
19019 36164 61040 47281 39943 53365 35737 87038 91466 90281 4988 81020 36907 96721 25899 1925 29339 29528 28182 61262 12549 27553 27798 67242 23815 83160 17819 71335 59349 55006 6045 14734 66956 19901 1112 71830 19143 50563 21039 93947 16299 1320 89794 52286 32780 88640 83238 44517 698 70478 16417 88316 13394 24317 59595 8559 44608 48984 39366 64405 87115 8732 38820 75813 66559 60706 26119 40585 22226 98170 88171 10232 60091 86072 43237 98586 40507 12057 559 83009 36518 61224 81904 13226 87418 91931 25060 926 74823 12030 96515 61852 62812 82717 91586 31749 74931 79273 41794 25778 33074 51153 72135 52093 1511 76277 32053 60947 33603 84246 90576 3345 45271 63944 14269 36509 18284 34710 20352 14647
418 266
16566 90596 44905 48241 52754 54886 59762 33164 48319 88647 26167 61691 68221 48070 50268 83171 7589 78154 77684 31577 23826 58843 42802 57210 90794 47828 88486 54924 75419 22671 24968 19045 29534 45038 13282 8308 84465 50228 18783 53801 89981 74280 21468 35867 58643 77337 32914 21673 65515 18698 10727 21327 28651 30995 32298 68154 50961 95577 71412 77979 42571 40579 83957 8324 6299 67752 76560 99466 48545 28822 59565 24940 15600 3194 94327 57535 6396 68464 20301 69623 26777 37034 16555 49782 97541 34399 57041 94055 43500 74458 99230 36006 85917 8871 81307 3650 95657 40617 8975 43946 71398 95835 65277 44474 51185 51197 37392 14928 12096 8311 50016 80930 95411 75044 59048 76944 1443 93104 89431 92255 3136 69558 26946 43434 31426 93354 59837 99564 75873 45899 29538 32337 65316 32601 59237 45130 86569 21036 31831 3782 35762 49151 44584 47236 16575 41753 38691 96762 17046 21301 13319 79093 73567 80197 56786 61491 94683 9225 64888 67014 4412 90631 35596 86965 83212 13973 94457 35306 88946 73750 32817 65991 4741 79566 48992 67543 81892 49470 52654 67409 58829 81421 52797 77308 1963 40909 78090 76445 62949 93934 18587 14809 16425 63893 49954 19695 84104 40392 91781 61517 12630 96837 87353 11976 50983 13229 13579 97721 10407 92774 70593 97432 12649 33695 97732 40449 34694 39065 72317 33675 70545 58400 42097 61271 55159 95026 1372 60907 57099 16601 33671 92362 82614 66567 79323 18313 64229 68388 60443 15442 70891 91049 93918 71819 97111 19811 81439 28985 75482 94436 66268 3933 98401 14632 43523 93392 36295 40668 85975 76260 91878 53348 8759 86731 92169 56996
997 8
20500 80707 50525 20198 61192 86784 32146 7586
206 41
94541 72857 21891 6358 47334 77309 85087 10948 54681 92264 8590 36532 8248 86360 41317 19297 75021 36889 35150 21500 1825 26439 79459 47506 99896 80177 41621 13443 24076 77775 78032 2883 7337 42494 71562 48894 70317 41202 23047 14102 21810
227 62
82496 48412 58772 86276 25471 42329 94338 81491 8427 17296 28521 10691 99583 85770 12470 51265 56821 3500 92768 23174 76450 16841 26035 10887 18614 88748 76576 42016 83257 63420 84547 39756 66849 99908 13967 13223 70685 58633 77263 22514 1933 17721 79298 70190 67008 24020 18758 61871 45819 37966 9192 52560 69701 53605 69328 72693 19851 88608 15112 18699 47396 35967
311 95
20730 60058 72355 39860 24418 84813 97805 78993 10016 82842 96001 94985 35981 46820 3167 54792 36798 564 32555 85833 55176 31171 3032 77515 94198 78687 52194 81187 26237 90553 70532 51818 76251 87879 59371 94750 64045 77672 95021 46785 93337 62760 28406 41672 73042 83316 18401 77416 55690 84504 93417 23426 66696 54898 90640 36153 24010 16286 92939 7660 8757 97920 24537 98504 94570 62664 70993 66952 87525 357 49601 86478 23303 90034 75698 92588 39584 35643 11452 34030 51451 70158 27969 71085 96151 49410 39908 22149 43557 21504 87048 99692 96664 70109 4859
781 104
65553 39123 18755 42353 91675 77998 25255 98212 30944 12591 32382 13179 44118 18377 17224 28604 65503 39038 88764 36400 51204 74941 73734 22688 73270 33369 71706 42114 7830 53194 48199 11815 54447 61918 56102 54568 75575 22587 16719 74179 39478 59309 61448 41019 73908 49428 31658 65724 53443 60397 60754 32176 55554 33556 33701 99091 4013 14697 89324 75314 27411 75142 59040 26487 20610 67327 72132 43830 54773 58869 32452 55579 58267 27805 54684 7757 24819 91691 31996 34293 33847 81010 90286 66215 62649 67599 71015 69379 94061 22598 6851 36445 83975 6178 53748 27832 25182 20980 47890 90941 66551 56477 38491 34743
576 4
3270 53641 19579 7746
942 151
19039 74501 31676 24021 48614 48688 36476 67314 85842 75075 60758 95790 90738 6951 86869 1667 92428 829 67499 30934 69371 43540 66486 64940 40419 6033 63183 25936 91811 69400 14977 95002 51098 90171 86107 28978 41743 12199 97717 49401 90572 83319 18544 9285 46783 76 67725 60340 70206 989 23548 70726 72946 69111 57921 74882 87345 51476 60675 46449 65333 75956 29200 46856 41082 62894 36542 18575 687 56919 8026 6529 52965 46078 95251 78901 58484 33547 64836 32389 22717 6548 78304 19761 857 879 30036 55831 74418 54199 62701 24425 82078 78903 79231 17865 10541 77676 24853 91517 15914 88050 86062 72235 72449 39859 91817 40717 94599 82913 43808 42276 69759 9176 87615 4010 12690 43804 61560 70001 68823 22083 44888 57713 67964 19241 40097 26136 31019 33293 60853 4304 27006 4516 16972 29530 13692 24132 63164 31719 81820 94342 29104 42637 6165 47414 90556 23094 18124 89873 6191
42 126
53608 22993 35432 16080 88969 88508 99216 86206 66247 3524 46922 84146 47690 3283 89312 89559 11164 6902 72794 66678 46006 17526 68963 15812 82637 94974 17757 58743 11912 61345 90059 94812 10885 40332 23038 57937 88735 38174 32647 24690 99187 74549 99777 71146 16638 72097 82370 32879 2365 11334 1375 1151 27975 37080 12781 55794 10082 39794 48305 51032 45152 79883 22605 76355 19190 68351 5047 17795 23745 43 20853 61864 52151 89440 82192 46823 16537 19119 40647 54531 8437 15738 83467 14861 72605 46257 12267 76713 35826 40758 98315 14923 40200 94369 78340 30307 85749 58695 75137 45957 82362 64149 62164 85421 42492 1670 27305 19176 67000 87599 57802 37490 92837 39926 1166 24225 18161 72510 63318 32736 67487 77060 69781 60179 95093 97413
417 179
75777 46019 75160 95753 57301 48068 48292 99485 66825 56720 98278 96874 10911 15163 91612 60906 37262 65220 44813 94051 74143 50646 40757 14146 53155 98899 56052 66789 44377 31404 55438 93825 53007 24380 4393 47689 84690 34079 9954 12923 31415 25957 34185 66995 75073 55257 66782 79287 97809 83836 88267 85569 86562 27317 71372 67839 29323 85304 10590 19650 45444 70093 7096 82920 71491 4639 94807 27241 60896 91706 99905 69222 98320 22030 93795 59417 21534 9661 59022 81208 91649 73866 23045 99206 3687 69477 66193 99150 33717 97408 6118 8297 51816 27604 93652 20143 74271 31473 89252 98173 75961 64038 50551 64889 22322 90246 41555 72817 60087 68705 2072 45241 78579 53319 49206 59771 20937 81209 87737 75553 60394 63297 469 68212 95713 3896 84747 48561 10117 67748 60181 46559 591 54348 79012 48727 8631 28229 24158 20081 65250 73491 61630 356 50143 4512 18054 26584 21753 50674 2009 69648 51219 69837 27063 23206 88661 60537 56656 20418 71744 18887 26975 78180 64978 42870 55658 63923 11767 79458 75864 88349 10540 86609 11654 96558 72393 85639 87885
776 44
45546 95207 24157 71265 68750 53137 49386 20322 84413 56970 6132 13740 90305 99136 29656 87102 65695 26132 57122 80290 76667 38506 86853 41401 42378 6420 96249 51123 47310 35185 17487 1586 90423 72437 45939 46546 31130 32443 95941 45174 62926 84089 64885 67283
460 93
48119 73120 99787 592 51836 65469 47627 49191 16770 85484 95187 24015 98776 91537 45423 52361 22455 68236 70596 37330 96796 33988 42988 21047 75385 69324 92674 13275 69396 85411 35066 79994 89144 57020 32669 75714 18925 46044 40888 10910 66376 47291 70275 7616 6153 48792 23123 52005 5453 43008 54360 11532 1533 47066 92278 78206 58135 46443 63244 87462 8056 84169 62333 42656 49962 9137 28169 45563 70449 37689 29591 66484 81035 65541 90705 94945 93030 26477 93131 85371 79514 5860 45343 49496 46697 73664 60887 60773 79371 89891 12748 70516 85315
698 135
74568 49777 82685 93172 40372 14945 60273 75469 90595 17367 39007 51682 64252 20165 68001 74042 25422 3609 16737 8552 78192 2714 43922 89165 38134 93832 82955 80654 3633 73411 25939 54439 11997 88566 20446 36923 70259 72940 7724 4179 6321 19910 54121 13405 52649 22267 34820 84261 94911 85211 70220 2974 78855 40088 46841 24358 169 48141 81514 30340 79760 84015 53370 57975 29473 83104 48788 75716 22653 20872 87451 81494 48869 90320 58570 12451 98883 43213 35267 53807 51416 53076 64797 30648 63485 65863 66432 34439 75635 58890 80985 81257 48850 94335 67221 82095 19898 20028 79620 64147 80570 98462 64628 13607 35002 97199 62534 40123 79370 67557 24987 27147 10915 8349 47825 11165 5313 69185 79873 47578 43669 29496 71241 9895 88239 10600 96164 18705 18919 80741 11598 38492 32421 64688 5427
719 174
66296 37681 89328 67023 63529 39957 53602 55833 35398 52232 15720 19822 28875 9063 93222 88894 17476 80804 17726 11675 98366 33983 11463 88170 42128 21731 73556 31114 77148 30435 12462 33764 64811 79930 2649 43733 33554 58364 70558 29644 70164 55356 51869 62142 47088 27355 11126 56257 68867 44429 5595 26224 44936 70239 46674 63864 31385 27587 82146 45731 68535 87007 96347 47346 82931 3725 52994 85872 7258 81743 65222 25117 56194 73961 67101 10302 18671 23005 86630 92773 9032 17385 73164 39026 19392 8241 53595 94880 35946 50948 85951 67335 22589 68276 86715 68376 40800 90298 33097 26997 93360 57864 29614 95621 85535 92628 92752 11681 14723 76109 88517 53866 76886 81459 87643 58980 79989 45460 76400 1689 10341 33933 29872 36667 32996 64046 85553 45294 27978 46552 61740 74778 85585 47573 23440 42445 38931 22955 88511 91193 80094 82227 94942 26157 57063 50356 53526 41299 29553 78811 93584 57757 93290 69226 46723 92045 49982 74152 4535 61165 86563 8916 62201 69415 53317 41208 64031 69119 53101 27217 47804 19313 46630 73857
580 85
83060 16460 90514 47553 78709 91102 75176 69491 67 84259 24006 2164 63743 88808 84163 5204 20803 8738 42338 99747 72695 64684 65205 10565 532 17771 64132 25256 42085 90764 85745 61173 5787 53425 88695 51581 33326 76496 86920 39306 74251 70214 75723 35017 57902 91833 69896 40263 17022 74932 26040 85242 94041 45498 10722 49056 13196 28024 9646 44741 81901 86946 38444 91772 26323 83929 63014 49096 84223 99666 30614 6365 95006 58460 61726 3304 93230 95522 75257 92902 74949 36625 91274 22867 66343
910 55
28779 45696 91890 98148 59830 90915 1720 5070 78840 66970 13317 67343 4017 11595 48860 40724 57479 98415 37155 67521 78661 10011 28761 37018 54106 90409 25734 53332 77555 17560 34106 61333 26954 47616 50553 25850 5450 20736 92464 58013 60327 44486 52964 20417 49135 86060 62017 87474 34495 96462 56069 95004 31810 31009 15032
747 5
45664 45863 11447 76994 52941
941 21
43507 99878 34983 47363 25435 50289 9444 75251 32674 33763 41327 54045 78011 94308 25066 5477 83453 89702 45869 77244 89945
458 120
72093 576 42797 10255 11117 96092 51044 43262 28920 82611 51923 11336 76403 71306 73950 6533 52563 24366 15034 97674 52713 97986 44828 61067 33111 21292 7840 94796 60843 7956 51369 98856 83462 33240 61999 99468 80599 72210 78521 83474 3981 42434 58962 88421 59776 80677 86122 37950 3265 14493 9891 63811 88934 14049 34019 91671 90433 14836 41643 89727 32498 87822 51168 72041 495 33275 34878 99182 19211 26096 77532 7995 11380 32361 73673 12440 35291 38400 33194 79191 3171 25718 34000 91553 10202 88090 87652 93819 20 48130 68774 29178 49198 26075 55670 89037 54747 4151 45890 79181 43105 93570 97977 24456 63838 60317 42157 76206 39479 98944 46279 43459 92801 6919 91577 97797 32324 6200 47453 21063
745 130
70524 77945 79188 36737 19335 44812 90292 86603 68593 46097 72829 21682 73251 24411 78261 88654 28114 68550 26510 96224 4786 11683 14718 31912 15618 42706 14175 84526 9467 63265 21440 99553 1464 63628 97311 27248 89455 18581 97201 36917 16687 53825 51399 66123 27140 21168 88828 21502 29894 98013 55552 62798 14029 18349 35829 11365 44447 62186 80220 16968 34318 17503 69241 20422 82111 14911 48389 30332 29334 43814 5017 26258 53570 76543 2972 11628 35231 8840 35648 47271 88361 73314 61424 14823 47806 39813 54477 30592 36801 76173 60372 93187 88179 10372 39476 32192 46942 35504 15102 17621 51160 76111 45495 74177 86972 94619 27141 23114 44446 52652 77645 6258 48066 39905 93203 77248 1548 22307 47098 90592 94982 11487 2247 63691 51490 37396 75060 46949 49566 52014
414 97
13284 27711 40163 67306 80385 9292 26133 77705 75951 36696 90287 31144 88981 11441 9443 46376 62859 42641 75919 18576 4947 67493 26207 94522 13201 74298 34346 32714 38993 47538 9016 64449 79280 73363 43797 93085 33718 31366 39985 23731 79046 71433 98942 62860 78393 86592 16690 10766 21910 75180 20543 94818 27887 73521 84077 63774 59708 37384 41677 48789 817 32321 63659 70799 28077 28699 97756 83438 3597 63207 35495 5018 90713 86700 79637 36686 19435 23551 7683 22259 64102 62252 52199 44195 36627 82371 21282 31712 58454 85101 48818 45394 65891 97758 34427 71728 24777
545 21
27753 86319 10580 12599 92751 46726 61786 17361 50817 19583 89439 70021 28051 24376 75194 60949 43488 1512 11897 86053 53786
277 126
24983 92981 26101 12382 58155 95150 80708 42345 97701 57082 51049 26668 22947 21129 23843 58755 20565 80219 65972 72959 30135 49576 41440 92338 58547 77367 18028 67923 95140 34459 47408 27234 19100 80762 91453 10357 26242 71323 85931 366 45942 44684 91163 58290 60922 36807 57079 24655 80014 70907 68961 4916 71376 89860 59667 27026 51138 6074 20720 60283 97429 87584 58727 97668 84588 69116 14158 26708 12829 47910 78668 94214 45603 53803 74144 78723 73182 84522 9006 60263 33839 15664 49708 9052 83026 53486 47771 71147 75372 43365 45866 73558 11917 30386 20754 94999 91495 38729 67927 73389 34828 77629 25447 76740 56890 55194 55318 82560 91648 10706 25124 99046 42972 66211 74771 27735 66669 99524 73552 63879 76541 80778 99286 33931 1646 19264
953 139
55487 33393 23556 2295 32316 18302 27148 66755 50507 32206 63103 59445 73962 88554 94979 31786 69271 88708 55601 2984 46865 19783 43896 74716 30327 70272 45774 60267 13634 63293 55977 62298 70529 42198 27913 3456 10207 93990 98126 20394 24500 67713 66916 65213 50895 73458 4147 39262 68494 15714 57355 76374 17159 83137 32539 83780 13459 38151 2036 26736 17045 70486 39962 70758 24072 82581 21735 74231 75881 64468 73288 18103 87950 88198 38839 94227 2513 88761 8634 41533 39748 12507 26756 37647 27523 28910 74371 9174 16222 42872 98933 90924 97806 8016 96114 89077 87078 22417 23102 66694 20172 16386 16875 51972 5062 42078 11370 52672 81608 97036 21409 79546 87899 61767 83871 24597 33325 97253 52783 5579 10609 20969 22368 94356 63762 32717 18487 19888 97863 14529 14621 67907 2441 57927 42369 71446 53551 94514 4414
208 81
53452 88670 88996 26312 1399 17051 38265 1490 42769 22316 44957 8298 20942 49173 94275 2748 27721 53314 27299 7288 60863 77252 30225 73894 90374 50079 82935 35886 83537 57144 78612 76002 19035 49866 62245 82908 3356 89955 52940 18458 26709 18798 75524 57284 98196 83930 70751 14309 94470 24989 85268 36331 27383 61605 70153 88811 920 15383 3498 92164 16734 39668 76136 47661 38181 75502 63925 2929 3661 55231 36233 90222 8553 80414 83923 16578 39190 96767 85069 48331 26381
945 26
82267 49776 85922 67637 72377 60432 64564 56833 15635 37082 2422 91123 94832 64356 96165 92334 63247 69584 80189 88957 27590 9457 10923 58583 35499 95971
449 92
35187 74594 74715 93697 73388 55538 82534 65440 61280 63613 96654 45117 56577 40986 45587 37103 33363 50418 25981 87529 66779 61376 2809 70843 73227 36822 73698 64530 87934 78148 55492 10114 63463 59983 60562 9404 17073 93618 96188 47415 72382 17494 37229 6555 64677 91434 99765 46802 10023 70580 39400 62520 58996 8277 61645 6829 51995 76997 25846 24636 78085 3698 47444 73480 28654 88085 84322 62223 81293 71940 12700 84501 25334 65109 8258 78171 66548 9421 52718 83981 57522 33805 73705 6173 26730 59677 47778 13766 91929 45396 13960 6037
636 3
59892 46228 65442
253 95
65599 99359 30252 92211 43465 70278 1134 59137 94755 77047 65226 45277 56212 62578 36811 67649 74365 74656 59217 20704 14689 76259 80533 33480 8548 49272 74252 27475 51001 8081 62927 44903 24364 69856 29016 8629 14986 3581 34580 18643 37398 97254 15372 42987 57421 59812 72142 44053 38361 30952 61374 39141 76545 46379 14199 18631 67515 27072 92814 66818 87534 71273 22901 4595 25779 73384 18246 92931 64389 44641 20449 91447 88140 92514 39767 48102 33927 88177 49362 78070 18975 27376 15417 84172 66374 4568 97733 93698 40352 41148 3258 38075 24783 60486 99423
73 68
29330 67080 59150 79703 24374 37469 89538 1661 32407 32802 27481 27488 69096 14512 59793 68288 82151 31066 90380 90624 99112 38272 91793 63754 76295 19449 58517 13925 3706 27369 85023 70656 71127 8304 84197 57805 31390 17134 37616 41837 16186 54334 35493 68736 43136 6449 88328 53686 25994 83399 82683 24045 41131 93651 82586 68452 1545 81569 14053 45797 48316 17607 17618 26417 96632 19138 54010 7111
8 76
8910 83340 98639 80723 36263 95679 54977 1787 94549 84529 19465 26499 9157 71153 49133 59433 41030 68293 80118 37171 45945 79418 76554 52227 64473 9358 19651 7774 10745 86758 3693 79125 73624 49127 3046 94495 62671 62813 55297 31115 86507 24654 14503 82835 16081 21782 60885 24328 98198 70032 49622 26497 78801 40713 39637 51206 79998 12540 89828 76938 53897 7121 31970 47436 10632 80252 39495 11034 53001 67581 20778 76266 81013 46605 10019 40848
627 41
94656 46707 11962 26726 15581 15045 28149 78082 16844 8796 65637 44512 54841 77125 89547 94183 53170 98568 89870 22302 57714 92540 93785 42674 80176 78320 90824 46114 50928 85747 28391 19403 3704 30679 8290 566 64409 89274 36087 7991 49393
721 3
95024 1554 94688
90 32
59431 32108 88769 21595 31716 16127 98156 60757 78188 79021 19821 81295 2393 45984 1247 6614 17583 88301 4517 48038 77369 1605 69697 67288 68857 92337 48071 42979 24705 8601 3379 3434
956 5
3116 76904 98295 62676 47195
3 30
54174 43225 58029 16003 18435 58353 21553 83803 14297 57108 10918 93333 66113 80494 68437 83466 70555 48486 67278 81702 36759 27695 59104 84615 21200 18151 65786 80309 99447 64947
131 32
93908 40991 5177 23171 17524 48396 7875 10793 36170 87860 10715 92781 21659 98519 35126 47540 10063 92449 87738 74486 28216 60111 85755 18402 65592 13138 44131 98347 8784 97132 99422 54393
858 6
19269 50524 92074 59567 62710 59043
77 7
73758 26683 45506 72800 30094 92322 15085
467 7
61013 61995 15611 19924 32338 48977 80016
264 2
24606 82009
205 11
90949 50311 75062 99207 23999 39629 27680 27717 82273 37665 11199
373 10
6887 9005 99636 26054 39164 81102 85504 58891 72914 95528
555 6
292 27073 49808 62157 1395 13786
